Using pre-set license
Built from '2021.3/staging' branch; Version is '2021.3.9f1 (ad3870b89536) revision 11352176'; Using compiler version '192829333'; Build Type 'Release'
OS: 'Windows 11  (10.0.22000) 64bit Core' Language: 'fr' Physical Memory: 16126 MB
BatchMode: 1, IsHumanControllingUs: 0, StartBugReporterOnCrash: 0, Is64bit: 1, IsPro: 1

COMMAND LINE ARGUMENTS:
C:\Program Files\Unity\Hub\Editor\2021.3.9f1\Editor\Unity.exe
-adb2
-batchMode
-noUpm
-name
AssetImportWorker4
-projectPath
C:/Users/noegu/Documents/Unity/Projects/Pyramidal Hologram
-logFile
Logs/AssetImportWorker4.log
-srvPort
55855
Successfully changed project path to: C:/Users/noegu/Documents/Unity/Projects/Pyramidal Hologram
C:/Users/noegu/Documents/Unity/Projects/Pyramidal Hologram
[UnityMemory] Configuration Parameters - Can be set up in boot.config
    "memorysetup-bucket-allocator-granularity=16"
    "memorysetup-bucket-allocator-bucket-count=8"
    "memorysetup-bucket-allocator-block-size=33554432"
    "memorysetup-bucket-allocator-block-count=8"
    "memorysetup-main-allocator-block-size=16777216"
    "memorysetup-thread-allocator-block-size=16777216"
    "memorysetup-gfx-main-allocator-block-size=16777216"
    "memorysetup-gfx-thread-allocator-block-size=16777216"
    "memorysetup-cache-allocator-block-size=4194304"
    "memorysetup-typetree-allocator-block-size=2097152"
    "memorysetup-profiler-bucket-allocator-granularity=16"
    "memorysetup-profiler-bucket-allocator-bucket-count=8"
    "memorysetup-profiler-bucket-allocator-block-size=33554432"
    "memorysetup-profiler-bucket-allocator-block-count=8"
    "memorysetup-profiler-allocator-block-size=16777216"
    "memorysetup-profiler-editor-allocator-block-size=1048576"
    "memorysetup-temp-allocator-size-main=16777216"
    "memorysetup-job-temp-allocator-block-size=2097152"
    "memorysetup-job-temp-allocator-block-size-background=1048576"
    "memorysetup-job-temp-allocator-reduction-small-platforms=262144"
    "memorysetup-temp-allocator-size-background-worker=32768"
    "memorysetup-temp-allocator-size-job-worker=262144"
    "memorysetup-temp-allocator-size-preload-manager=33554432"
    "memorysetup-temp-allocator-size-nav-mesh-worker=65536"
    "memorysetup-temp-allocator-size-audio-worker=65536"
    "memorysetup-temp-allocator-size-cloud-worker=32768"
    "memorysetup-temp-allocator-size-gi-baking-worker=262144"
    "memorysetup-temp-allocator-size-gfx=262144"
Refreshing native plugins compatible for Editor in 150.80 ms, found 4 plugins.
Preloading 0 native plugins for Editor in 0.00 ms.
Initialize engine version: 2021.3.9f1 (ad3870b89536)
[Subsystems] Discovering subsystems at path C:/Program Files/Unity/Hub/Editor/2021.3.9f1/Editor/Data/Resources/UnitySubsystems
[Subsystems] Discovering subsystems at path C:/Users/noegu/Documents/Unity/Projects/Pyramidal Hologram/Assets
GfxDevice: creating device client; threaded=0; jobified=0
Direct3D:
    Version:  Direct3D 11.0 [level 11.1]
    Renderer: NVIDIA GeForce RTX 3060 Laptop GPU (ID=0x2560)
    Vendor:   NVIDIA
    VRAM:     6023 MB
    Driver:   31.0.15.1748
Initialize mono
Mono path[0] = 'C:/Program Files/Unity/Hub/Editor/2021.3.9f1/Editor/Data/Managed'
Mono path[1] = 'C:/Program Files/Unity/Hub/Editor/2021.3.9f1/Editor/Data/MonoBleedingEdge/lib/mono/unityjit-win32'
Mono config path = 'C:/Program Files/Unity/Hub/Editor/2021.3.9f1/Editor/Data/MonoBleedingEdge/etc'
Using monoOptions --debugger-agent=transport=dt_socket,embedding=1,server=y,suspend=n,address=127.0.0.1:56580
Begin MonoManager ReloadAssembly
Registering precompiled unity dll's ...
Register platform support module: C:/Program Files/Unity/Hub/Editor/2021.3.9f1/Editor/Data/PlaybackEngines/AndroidPlayer/UnityEditor.Android.Extensions.dll
Register platform support module: C:/Program Files/Unity/Hub/Editor/2021.3.9f1/Editor/Data/PlaybackEngines/WindowsStandaloneSupport/UnityEditor.WindowsStandalone.Extensions.dll
Registered in 0.004014 seconds.
Native extension for WindowsStandalone target not found
Native extension for Android target not found
Refreshing native plugins compatible for Editor in 129.21 ms, found 4 plugins.
Preloading 0 native plugins for Editor in 0.00 ms.
Mono: successfully reloaded assembly
- Completed reload, in  0.613 seconds
Domain Reload Profiling:
	ReloadAssembly (614ms)
		BeginReloadAssembly (57ms)
			ExecutionOrderSort (0ms)
			DisableScriptedObjects (0ms)
			BackupInstance (0ms)
			ReleaseScriptingObjects (0ms)
			CreateAndSetChildDomain (1ms)
		EndReloadAssembly (462ms)
			LoadAssemblies (56ms)
			RebuildTransferFunctionScriptingTraits (0ms)
			SetupTypeCache (92ms)
			ReleaseScriptCaches (0ms)
			RebuildScriptCaches (23ms)
			SetupLoadedEditorAssemblies (304ms)
				LogAssemblyErrors (0ms)
				InitializePlatformSupportModulesInManaged (46ms)
				SetLoadedEditorAssemblies (1ms)
				RefreshPlugins (129ms)
				BeforeProcessingInitializeOnLoad (1ms)
				ProcessInitializeOnLoadAttributes (83ms)
				ProcessInitializeOnLoadMethodAttributes (43ms)
				AfterProcessingInitializeOnLoad (0ms)
				EditorAssembliesLoaded (0ms)
			ExecutionOrderSort2 (0ms)
			AwakeInstancesAfterBackupRestoration (0ms)
Platform modules already initialized, skipping
Registering precompiled user dll's ...
Registered in 0.005519 seconds.
Begin MonoManager ReloadAssembly
Symbol file LoadedFromMemory doesn't match image C:\Users\noegu\Documents\Unity\Projects\Pyramidal Hologram\Library\PackageCache\com.unity.visualscripting@1.7.8\Editor\VisualScripting.Core\Dependencies\DotNetZip\Unity.VisualScripting.IonicZip.dll
Symbol file LoadedFromMemory doesn't match image C:\Users\noegu\Documents\Unity\Projects\Pyramidal Hologram\Library\PackageCache\com.unity.visualscripting@1.7.8\Editor\VisualScripting.Core\Dependencies\YamlDotNet\Unity.VisualScripting.YamlDotNet.dll
Native extension for WindowsStandalone target not found
Native extension for Android target not found
Refreshing native plugins compatible for Editor in 149.19 ms, found 4 plugins.
Preloading 0 native plugins for Editor in 0.00 ms.
Mono: successfully reloaded assembly
Package Manager log level set to [2]
- Completed reload, in  1.500 seconds
Domain Reload Profiling:
	ReloadAssembly (1501ms)
		BeginReloadAssembly (200ms)
			ExecutionOrderSort (0ms)
			DisableScriptedObjects (4ms)
			BackupInstance (0ms)
			ReleaseScriptingObjects (0ms)
			CreateAndSetChildDomain (126ms)
		EndReloadAssembly (1185ms)
			LoadAssemblies (86ms)
			RebuildTransferFunctionScriptingTraits (0ms)
			SetupTypeCache (320ms)
			ReleaseScriptCaches (1ms)
			RebuildScriptCaches (66ms)
			SetupLoadedEditorAssemblies (653ms)
				LogAssemblyErrors (0ms)
				InitializePlatformSupportModulesInManaged (14ms)
				SetLoadedEditorAssemblies (0ms)
				RefreshPlugins (149ms)
				BeforeProcessingInitializeOnLoad (149ms)
				ProcessInitializeOnLoadAttributes (247ms)
				ProcessInitializeOnLoadMethodAttributes (88ms)
				AfterProcessingInitializeOnLoad (5ms)
				EditorAssembliesLoaded (0ms)
			ExecutionOrderSort2 (0ms)
			AwakeInstancesAfterBackupRestoration (6ms)
Platform modules already initialized, skipping
========================================================================
Worker process is ready to serve import requests
Launched and connected shader compiler UnityShaderCompiler.exe after 0.04 seconds
Refreshing native plugins compatible for Editor in 1.22 ms, found 4 plugins.
Preloading 0 native plugins for Editor in 0.00 ms.
Unloading 5858 Unused Serialized files (Serialized files now loaded: 0)
Unloading 64 unused Assets / (0.7 MB). Loaded Objects now: 6296.
Memory consumption went from 222.1 MB to 221.4 MB.
Total: 4.084700 ms (FindLiveObjects: 0.548800 ms CreateObjectMapping: 0.272700 ms MarkObjects: 2.908800 ms  DeleteObjects: 0.353300 ms)

AssetImportParameters requested are different than current active one (requested -> active):
  custom:video-decoder-ogg-theora: a1e56fd34408186e4bbccfd4996cb3dc -> 
  custom:container-muxer-webm: aa71ff27fc2769a1b78a27578f13a17b -> 
  custom:container-demuxer-webm: 4f35f7cbe854078d1ac9338744f61a02 -> 
  custom:video-encoder-webm-vp8: eb34c28f22e8b96e1ab97ce403110664 -> 
  custom:video-codec-MediaFoundation-h265: 746d11721c4dcdbdad8f713fa42b33f4 -> 
  custom:audio-encoder-webm-vorbis: bf7c407c2cedff20999df2af8eb42d56 -> 
  custom:framework-win-MediaFoundation: 216162199b28c13a410421893ffa2e32 -> 
  custom:container-demuxer-ogg: 62fdf1f143b41e24485cea50d1cbac27 -> 
  custom:video-decoder-webm-vp8: 9c59270c3fd7afecdb556c50c9e8de78 -> 
  custom:audio-decoder-ogg-vorbis: bf7c407c2cedff20999df2af8eb42d56 -> 
========================================================================
Received Import Request.
  Time since last request: 134182.590249 seconds.
  path: Assets/Textures/Remy_Shoes_Normal 1.png
  artifactKey: Guid(3cbc211477835b740b4ef66fef745806) Importer(815301076,1909f56bfc062723c751e8b465ee728b)
Start importing Assets/Textures/Remy_Shoes_Normal 1.png using Guid(3cbc211477835b740b4ef66fef745806) Importer(815301076,1909f56bfc062723c751e8b465ee728b)  -> (artifact id: '3af25473836ebcfd7880dee094ae38f2') in 0.097123 seconds 
========================================================================
Received Import Request.
  Time since last request: 0.000036 seconds.
  path: Assets/Textures/Remy_Bottom_Specular.png
  artifactKey: Guid(9c6dd1c5e89de8546a0d27a47cc2f502) Importer(815301076,1909f56bfc062723c751e8b465ee728b)
Start importing Assets/Textures/Remy_Bottom_Specular.png using Guid(9c6dd1c5e89de8546a0d27a47cc2f502) Importer(815301076,1909f56bfc062723c751e8b465ee728b)  -> (artifact id: 'dff6294aa98e39d635bbe3fa12b62b8a') in 0.046978 seconds 
========================================================================
Received Import Request.
  Time since last request: 0.000028 seconds.
  path: Assets/Textures/Remy_Body_Specular 1.png
  artifactKey: Guid(7ae601dfc3383334c90e008ed3187771) Importer(815301076,1909f56bfc062723c751e8b465ee728b)
Start importing Assets/Textures/Remy_Body_Specular 1.png using Guid(7ae601dfc3383334c90e008ed3187771) Importer(815301076,1909f56bfc062723c751e8b465ee728b)  -> (artifact id: 'ee1fa49bd417865fcba63106c89d6301') in 0.033610 seconds 
========================================================================
Received Import Request.
  Time since last request: 0.000034 seconds.
  path: Assets/Textures/Remy_Shoes_Gloss 1.png
  artifactKey: Guid(61a2175ea3af28a4e95dfcb4243c8fa8) Importer(815301076,1909f56bfc062723c751e8b465ee728b)
Start importing Assets/Textures/Remy_Shoes_Gloss 1.png using Guid(61a2175ea3af28a4e95dfcb4243c8fa8) Importer(815301076,1909f56bfc062723c751e8b465ee728b)  -> (artifact id: '0a021899fceb4e7d2eaad0c7a96be1c6') in 0.024404 seconds 
========================================================================
Received Import Request.
  Time since last request: 0.000036 seconds.
  path: Assets/Textures/Remy_Body_Normal.png
  artifactKey: Guid(ceb333e960b3d4441b944ff62d657061) Importer(815301076,1909f56bfc062723c751e8b465ee728b)
Start importing Assets/Textures/Remy_Body_Normal.png using Guid(ceb333e960b3d4441b944ff62d657061) Importer(815301076,1909f56bfc062723c751e8b465ee728b)  -> (artifact id: '223ca8311491dc1d5b80f93e79862f1a') in 0.040906 seconds 
========================================================================
Received Import Request.
  Time since last request: 0.000023 seconds.
  path: Assets/Textures/Remy_Hair_Diffuse 1.png
  artifactKey: Guid(a25a54c5eb171de45ba6861426864f14) Importer(815301076,1909f56bfc062723c751e8b465ee728b)
Start importing Assets/Textures/Remy_Hair_Diffuse 1.png using Guid(a25a54c5eb171de45ba6861426864f14) Importer(815301076,1909f56bfc062723c751e8b465ee728b)  -> (artifact id: '314509efa2bba61adeea7f35d8b52030') in 0.016768 seconds 
========================================================================
Received Import Request.
  Time since last request: 0.000028 seconds.
  path: Assets/Textures/Remy_Bottom_Diffuse 1.png
  artifactKey: Guid(0550243fa69b241448226513e70131a4) Importer(815301076,1909f56bfc062723c751e8b465ee728b)
Start importing Assets/Textures/Remy_Bottom_Diffuse 1.png using Guid(0550243fa69b241448226513e70131a4) Importer(815301076,1909f56bfc062723c751e8b465ee728b)  -> (artifact id: '52dad8027c923949fd527514dffa005f') in 0.015494 seconds 
========================================================================
Received Import Request.
  Time since last request: 0.000028 seconds.
  path: Assets/Textures/Remy_Shoes_Specular.png
  artifactKey: Guid(ac7d1c8f2ef54664cb29408cb0bc44fc) Importer(815301076,1909f56bfc062723c751e8b465ee728b)
Start importing Assets/Textures/Remy_Shoes_Specular.png using Guid(ac7d1c8f2ef54664cb29408cb0bc44fc) Importer(815301076,1909f56bfc062723c751e8b465ee728b)  -> (artifact id: 'd8f21c66f76e4055e8e2f373d88700ad') in 0.020720 seconds 
========================================================================
Received Import Request.
  Time since last request: 0.000033 seconds.
  path: Assets/Textures/Remy_Body_Gloss.png
  artifactKey: Guid(04cbc473e70ba9d49a0a0c981e9e570a) Importer(815301076,1909f56bfc062723c751e8b465ee728b)
Start importing Assets/Textures/Remy_Body_Gloss.png using Guid(04cbc473e70ba9d49a0a0c981e9e570a) Importer(815301076,1909f56bfc062723c751e8b465ee728b)  -> (artifact id: 'e4ae162e31ba78f77730da423f6abdee') in 0.022650 seconds 
========================================================================
Received Import Request.
  Time since last request: 0.000034 seconds.
  path: Assets/Textures/Remy_Hair_Specular.png
  artifactKey: Guid(39d3ec91f783c8448a2eab7f36482124) Importer(815301076,1909f56bfc062723c751e8b465ee728b)
Start importing Assets/Textures/Remy_Hair_Specular.png using Guid(39d3ec91f783c8448a2eab7f36482124) Importer(815301076,1909f56bfc062723c751e8b465ee728b)  -> (artifact id: 'b87bfa95f036e167e41fa8f4db8ac5ac') in 0.021179 seconds 
========================================================================
Received Import Request.
  Time since last request: 0.000030 seconds.
  path: Assets/Textures/Remy_Bottom_Diffuse.png
  artifactKey: Guid(11477703586c300489592f8118eddc62) Importer(815301076,1909f56bfc062723c751e8b465ee728b)
Start importing Assets/Textures/Remy_Bottom_Diffuse.png using Guid(11477703586c300489592f8118eddc62) Importer(815301076,1909f56bfc062723c751e8b465ee728b)  -> (artifact id: '22b1b5fb7f2996cb1ed1b5a46392b5a9') in 0.018608 seconds 
Editor requested this worker to shutdown with reason: Scaling down because of idle timeout
AssetImportWorker is now disconnected from the server
Process exiting
Exiting without the bug reporter. Application will terminate with return code 0